
  .   ____          _            __ _ _
 /\\ / ___'_ __ _ _(_)_ __  __ _ \ \ \ \
( ( )\___ | '_ | '_| | '_ \/ _` | \ \ \ \
 \\/  ___)| |_)| | | | | || (_| |  ) ) ) )
  '  |____| .__|_| |_|_| |_\__, | / / / /
 =========|_|==============|___/=/_/_/_/

 :: Spring Boot ::                (v3.5.6)

2025-10-01T16:52:06.977+05:30  INFO 76951 --- [BankingSystem] [           main] c.s.B.BankingSystemApplication           : Starting BankingSystemApplication v0.0.1-SNAPSHOT using Java 21.0.7 with PID 76951 (/Users/ritik.gariya/Desktop/BankingSystem/target/BankingSystem-0.0.1-SNAPSHOT.jar started by ritik.gariya in /Users/ritik.gariya/Desktop/BankingSystem)
2025-10-01T16:52:06.978+05:30  INFO 76951 --- [BankingSystem] [           main] c.s.B.BankingSystemApplication           : No active profile set, falling back to 1 default profile: "default"
2025-10-01T16:52:07.228+05:30  INFO 76951 --- [BankingSystem] [           main] .s.d.r.c.RepositoryConfigurationDelegate : Bootstrapping Spring Data JPA repositories in DEFAULT mode.
2025-10-01T16:52:07.249+05:30  INFO 76951 --- [BankingSystem] [           main] .s.d.r.c.RepositoryConfigurationDelegate : Finished Spring Data repository scanning in 17 ms. Found 3 JPA repository interfaces.
2025-10-01T16:52:07.441+05:30  INFO 76951 --- [BankingSystem] [           main] o.s.b.w.embedded.tomcat.TomcatWebServer  : Tomcat initialized with port 8080 (http)
2025-10-01T16:52:07.449+05:30  INFO 76951 --- [BankingSystem] [           main] o.apache.catalina.core.StandardService   : Starting service [Tomcat]
2025-10-01T16:52:07.449+05:30  INFO 76951 --- [BankingSystem] [           main] o.apache.catalina.core.StandardEngine    : Starting Servlet engine: [Apache Tomcat/10.1.46]
2025-10-01T16:52:07.459+05:30  INFO 76951 --- [BankingSystem] [           main] o.a.c.c.C.[Tomcat].[localhost].[/]       : Initializing Spring embedded WebApplicationContext
2025-10-01T16:52:07.459+05:30  INFO 76951 --- [BankingSystem] [           main] w.s.c.ServletWebServerApplicationContext : Root WebApplicationContext: initialization completed in 466 ms
2025-10-01T16:52:07.524+05:30  INFO 76951 --- [BankingSystem] [           main] o.hibernate.jpa.internal.util.LogHelper  : HHH000204: Processing PersistenceUnitInfo [name: default]
2025-10-01T16:52:07.542+05:30  INFO 76951 --- [BankingSystem] [           main] org.hibernate.Version                    : HHH000412: Hibernate ORM core version 6.6.29.Final
2025-10-01T16:52:07.555+05:30  INFO 76951 --- [BankingSystem] [           main] o.h.c.internal.RegionFactoryInitiator    : HHH000026: Second-level cache disabled
2025-10-01T16:52:07.638+05:30  INFO 76951 --- [BankingSystem] [           main] o.s.o.j.p.SpringPersistenceUnitInfo      : No LoadTimeWeaver setup: ignoring JPA class transformer
2025-10-01T16:52:07.648+05:30  INFO 76951 --- [BankingSystem] [           main] com.zaxxer.hikari.HikariDataSource       : HikariPool-1 - Starting...
2025-10-01T16:52:07.748+05:30  INFO 76951 --- [BankingSystem] [           main] com.zaxxer.hikari.pool.HikariPool        : HikariPool-1 - Added connection org.postgresql.jdbc.PgConnection@1b4a3a1
2025-10-01T16:52:07.748+05:30  INFO 76951 --- [BankingSystem] [           main] com.zaxxer.hikari.HikariDataSource       : HikariPool-1 - Start completed.
2025-10-01T16:52:07.759+05:30  WARN 76951 --- [BankingSystem] [           main] org.hibernate.orm.deprecation            : HHH90000025: PostgreSQLDialect does not need to be specified explicitly using 'hibernate.dialect' (remove the property setting and it will be selected by default)
2025-10-01T16:52:07.769+05:30  INFO 76951 --- [BankingSystem] [           main] org.hibernate.orm.connections.pooling    : HHH10001005: Database info:
	Database JDBC URL [Connecting through datasource 'HikariDataSource (HikariPool-1)']
	Database driver: undefined/unknown
	Database version: 17.6
	Autocommit mode: undefined/unknown
	Isolation level: undefined/unknown
	Minimum pool size: undefined/unknown
	Maximum pool size: undefined/unknown
2025-10-01T16:52:08.072+05:30  INFO 76951 --- [BankingSystem] [           main] o.h.e.t.j.p.i.JtaPlatformInitiator       : HHH000489: No JTA platform available (set 'hibernate.transaction.jta.platform' to enable JTA platform integration)
2025-10-01T16:52:08.161+05:30  INFO 76951 --- [BankingSystem] [           main] j.LocalContainerEntityManagerFactoryBean : Initialized JPA EntityManagerFactory for persistence unit 'default'
2025-10-01T16:52:08.333+05:30  WARN 76951 --- [BankingSystem] [           main] JpaBaseConfiguration$JpaWebConfiguration : spring.jpa.open-in-view is enabled by default. Therefore, database queries may be performed during view rendering. Explicitly configure spring.jpa.open-in-view to disable this warning
2025-10-01T16:52:08.476+05:30  WARN 76951 --- [BankingSystem] [           main] ConfigServletWebServerApplicationContext : Exception encountered during context initialization - cancelling refresh attempt: org.springframework.context.ApplicationContextException: Failed to start bean 'webServerStartStop'
2025-10-01T16:52:08.476+05:30  INFO 76951 --- [BankingSystem] [           main] j.LocalContainerEntityManagerFactoryBean : Closing JPA EntityManagerFactory for persistence unit 'default'
2025-10-01T16:52:08.477+05:30  INFO 76951 --- [BankingSystem] [           main] com.zaxxer.hikari.HikariDataSource       : HikariPool-1 - Shutdown initiated...
2025-10-01T16:52:08.479+05:30  INFO 76951 --- [BankingSystem] [           main] com.zaxxer.hikari.HikariDataSource       : HikariPool-1 - Shutdown completed.
2025-10-01T16:52:08.485+05:30  INFO 76951 --- [BankingSystem] [           main] .s.b.a.l.ConditionEvaluationReportLogger : 

Error starting ApplicationContext. To display the condition evaluation report re-run your application with 'debug' enabled.
2025-10-01T16:52:08.491+05:30 ERROR 76951 --- [BankingSystem] [           main] o.s.b.d.LoggingFailureAnalysisReporter   : 

***************************
APPLICATION FAILED TO START
***************************

Description:

Web server failed to start. Port 8080 was already in use.

Action:

Identify and stop the process that's listening on port 8080 or configure this application to listen on another port.

